<?xml version="1.0" encoding="UTF-8"?>
<testsuite name="PostsTest" tests="1" skipped="0" failures="0" errors="0" timestamp="2020-09-06T06:18:31" hostname="gimhyebin-ui-MacBookPro.local" time="0.011">
  <properties/>
  <testcase name="addPost()" classname="PostsTest" time="0.011"/>
  <system-out><![CDATA[]]></system-out>
  <system-err><![CDATA[]]></system-err>
</testsuite>
