<?xml version="1.0" encoding="UTF-8"?>
<testsuite name="PhotoTest" tests="1" skipped="0" failures="0" errors="0" timestamp="2020-09-01T00:50:15" hostname="gimhyebin-ui-MacBookPro.local" time="0.0">
  <properties/>
  <testcase name="testCreatePhoto" classname="PhotoTest" time="0.0"/>
  <system-out><![CDATA[]]></system-out>
  <system-err><![CDATA[]]></system-err>
</testsuite>
